#
# There is insufficient memory for the Java Runtime Environment to continue.
# Native memory allocation (malloc) failed to allocate 1032976 bytes for Chunk::new
# Possible reasons:
#   The system is out of physical RAM or swap space
#   In 32 bit mode, the process size limit was hit
# Possible solutions:
#   Reduce memory load on the system
#   Increase physical memory or swap space
#   Check if swap backing store is full
#   Use 64 bit Java on a 64 bit OS
#   Decrease Java heap size (-Xmx/-Xms)
#   Decrease number of Java threads
#   Decrease Java thread stack sizes (-Xss)
#   Set larger code cache with -XX:ReservedCodeCacheSize=
# This output file may be truncated or incomplete.
#
#  Out of Memory Error (allocation.cpp:390), pid=51924, tid=0x0000000000005fac
#
# JRE version: Java(TM) SE Runtime Environment (8.0_131-b11) (build 1.8.0_131-b11)
# Java VM: Java HotSpot(TM) 64-Bit Server VM (25.131-b11 mixed mode windows-amd64 compressed oops)
# Failed to write core dump. Minidumps are not enabled by default on client versions of Windows
#

---------------  T H R E A D  ---------------

Current thread (0x00000000199cb800):  JavaThread "C2 CompilerThread0" daemon [_thread_in_native, id=24492, stack(0x000000001af30000,0x000000001b030000)]

Stack: [0x000000001af30000,0x000000001b030000]
[error occurred during error reporting (printing stack bounds), id 0xc0000005]

Native frames: (J=compiled Java code, j=interpreted, Vv=VM code, C=native code)


Current CompileTask:
C2:   4440 1186       4       java.net.URLClassLoader$1::run (5 bytes)


---------------  P R O C E S S  ---------------

Java Threads: ( => current thread )
  0x000000001d09f000 JavaThread "pool-1-thread-1" [_thread_blocked, id=35424, stack(0x000000001c030000,0x000000001c130000)]
  0x000000001b261800 JavaThread "Service Thread" daemon [_thread_blocked, id=49096, stack(0x000000001b630000,0x000000001b730000)]
  0x00000000199d1000 JavaThread "C1 CompilerThread2" daemon [_thread_blocked, id=4892, stack(0x000000001b130000,0x000000001b230000)]
  0x00000000199cd800 JavaThread "C2 CompilerThread1" daemon [_thread_in_native, id=42188, stack(0x000000001b030000,0x000000001b130000)]
=>0x00000000199cb800 JavaThread "C2 CompilerThread0" daemon [_thread_in_native, id=24492, stack(0x000000001af30000,0x000000001b030000)]
  0x00000000199d8000 JavaThread "Attach Listener" daemon [_thread_blocked, id=50036, stack(0x000000001ae30000,0x000000001af30000)]
  0x00000000199d6800 JavaThread "Signal Dispatcher" daemon [_thread_blocked, id=49828, stack(0x000000001ad30000,0x000000001ae30000)]
  0x0000000002b2a000 JavaThread "Finalizer" daemon [_thread_blocked, id=53244, stack(0x000000001ac30000,0x000000001ad30000)]
  0x0000000002b21000 JavaThread "Reference Handler" daemon [_thread_blocked, id=36616, stack(0x000000001ab30000,0x000000001ac30000)]
  0x0000000002a31000 JavaThread "main" [_thread_in_native, id=31512, stack(0x0000000002930000,0x0000000002a30000)]

Other Threads:
  0x0000000019997800 VMThread [stack: 0x000000001aa30000,0x000000001ab30000] [id=45328]
  0x000000001b253000 WatcherThread [stack: 0x000000001b730000,0x000000001b830000] [id=27432]

VM state:not at safepoint (normal execution)

VM Mutex/Monitor currently owned by a thread: None

Heap:
 PSYoungGen      total 56320K, used 17489K [0x0000000781a00000, 0x0000000785880000, 0x00000007c0000000)
  eden space 48640K, 20% used [0x0000000781a00000,0x000000078239b848,0x0000000784980000)
  from space 7680K, 99% used [0x0000000785100000,0x0000000785878cd0,0x0000000785880000)
  to   space 7680K, 0% used [0x0000000784980000,0x0000000784980000,0x0000000785100000)
 ParOldGen       total 128512K, used 2790K [0x0000000704e00000, 0x000000070cb80000, 0x0000000781a00000)
  object space 128512K, 2% used [0x0000000704e00000,0x00000007050b9a48,0x000000070cb80000)
 Metaspace       used 17596K, capacity 17814K, committed 18176K, reserved 1064960K
  class space    used 2400K, capacity 2478K, committed 2560K, reserved 1048576K

Card table byte_map: [0x0000000011ef0000,0x00000000124d0000] byte_map_base: 0x000000000e6c9000

Marking Bits: (ParMarkBitMap*) 0x0000000054d4c720
 Begin Bits: [0x0000000012cc0000, 0x0000000015b88000)
 End Bits:   [0x0000000015b88000, 0x0000000018a50000)

Polling page: 0x0000000000ab0000

CodeCache: size=245760Kb used=4881Kb max_used=4881Kb free=240878Kb
 bounds [0x0000000002b30000, 0x0000000003000000, 0x0000000011b30000]
 total_blobs=1671 nmethods=1300 adapters=283
 compilation: enabled

Compilation events (10 events):
Event: 4.396 Thread 0x00000000199d1000 1277       3       java.util.WeakHashMap::containsKey (14 bytes)
Event: 4.397 Thread 0x00000000199d1000 nmethod 1277 0x0000000002fee110 code [0x0000000002fee280, 0x0000000002fee4e8]
Event: 4.401 Thread 0x00000000199d1000 1279       1       java.util.logging.Logger::getName (5 bytes)
Event: 4.401 Thread 0x00000000199d1000 nmethod 1279 0x0000000002fee590 code [0x0000000002fee6e0, 0x0000000002fee7f0]
Event: 4.401 Thread 0x00000000199d1000 1280       3       java.util.regex.Pattern$Branch::match (66 bytes)
Event: 4.402 Thread 0x00000000199d1000 nmethod 1280 0x0000000002fee850 code [0x0000000002fee9e0, 0x0000000002feeed8]
Event: 4.402 Thread 0x00000000199d1000 1281       1       java.lang.StackTraceElement::getClassName (5 bytes)
Event: 4.403 Thread 0x00000000199d1000 nmethod 1281 0x0000000002fef0d0 code [0x0000000002fef220, 0x0000000002fef330]
Event: 4.404 Thread 0x00000000199d1000 1282       3       java.util.Formatter$Flags::contains (22 bytes)
Event: 4.404 Thread 0x00000000199d1000 nmethod 1282 0x0000000002fef390 code [0x0000000002fef500, 0x0000000002fef710]

GC Heap History (4 events):
Event: 1.974 GC heap before
{Heap before GC invocations=1 (full 0):
 PSYoungGen      total 56320K, used 48640K [0x0000000781a00000, 0x0000000785880000, 0x00000007c0000000)
  eden space 48640K, 100% used [0x0000000781a00000,0x0000000784980000,0x0000000784980000)
  from space 7680K, 0% used [0x0000000785100000,0x0000000785100000,0x0000000785880000)
  to   space 7680K, 0% used [0x0000000784980000,0x0000000784980000,0x0000000785100000)
 ParOldGen       total 128512K, used 0K [0x0000000704e00000, 0x000000070cb80000, 0x0000000781a00000)
  object space 128512K, 0% used [0x0000000704e00000,0x0000000704e00000,0x000000070cb80000)
 Metaspace       used 9006K, capacity 9336K, committed 9600K, reserved 1056768K
  class space    used 1222K, capacity 1320K, committed 1408K, reserved 1048576K
Event: 1.982 GC heap after
Heap after GC invocations=1 (full 0):
 PSYoungGen      total 56320K, used 6288K [0x0000000781a00000, 0x0000000785880000, 0x00000007c0000000)
  eden space 48640K, 0% used [0x0000000781a00000,0x0000000781a00000,0x0000000784980000)
  from space 7680K, 81% used [0x0000000784980000,0x0000000784fa42d8,0x0000000785100000)
  to   space 7680K, 0% used [0x0000000785100000,0x0000000785100000,0x0000000785880000)
 ParOldGen       total 128512K, used 16K [0x0000000704e00000, 0x000000070cb80000, 0x0000000781a00000)
  object space 128512K, 0% used [0x0000000704e00000,0x0000000704e04000,0x000000070cb80000)
 Metaspace       used 9006K, capacity 9336K, committed 9600K, reserved 1056768K
  class space    used 1222K, capacity 1320K, committed 1408K, reserved 1048576K
}
Event: 4.287 GC heap before
{Heap before GC invocations=2 (full 0):
 PSYoungGen      total 56320K, used 54928K [0x0000000781a00000, 0x0000000785880000, 0x00000007c0000000)
  eden space 48640K, 100% used [0x0000000781a00000,0x0000000784980000,0x0000000784980000)
  from space 7680K, 81% used [0x0000000784980000,0x0000000784fa42d8,0x0000000785100000)
  to   space 7680K, 0% used [0x0000000785100000,0x0000000785100000,0x0000000785880000)
 ParOldGen       total 128512K, used 16K [0x0000000704e00000, 0x000000070cb80000, 0x0000000781a00000)
  object space 128512K, 0% used [0x0000000704e00000,0x0000000704e04000,0x000000070cb80000)
 Metaspace       used 17244K, capacity 17514K, committed 17920K, reserved 1064960K
  class space    used 2366K, capacity 2444K, committed 2560K, reserved 1048576K
Event: 4.303 GC heap after
Heap after GC invocations=2 (full 0):
 PSYoungGen      total 56320K, used 7651K [0x0000000781a00000, 0x0000000785880000, 0x00000007c0000000)
  eden space 48640K, 0% used [0x0000000781a00000,0x0000000781a00000,0x0000000784980000)
  from space 7680K, 99% used [0x0000000785100000,0x0000000785878cd0,0x0000000785880000)
  to   space 7680K, 0% used [0x0000000784980000,0x0000000784980000,0x0000000785100000)
 ParOldGen       total 128512K, used 2790K [0x0000000704e00000, 0x000000070cb80000, 0x0000000781a00000)
  object space 128512K, 2% used [0x0000000704e00000,0x00000007050b9a48,0x000000070cb80000)
 Metaspace       used 17244K, capacity 17514K, committed 17920K, reserved 1064960K
  class space    used 2366K, capacity 2444K, committed 2560K, reserved 1048576K
}

Deoptimization events (10 events):
Event: 2.820 Thread 0x0000000002a31000 Uncommon trap: reason=unstable_if action=reinterpret pc=0x0000000002dcfc5c method=java.lang.AbstractStringBuilder.append(Ljava/lang/String;)Ljava/lang/AbstractStringBuilder; @ 1
Event: 2.822 Thread 0x0000000002a31000 Uncommon trap: reason=unstable_if action=reinterpret pc=0x0000000002d4d898 method=java.lang.AbstractStringBuilder.append(Ljava/lang/String;)Ljava/lang/AbstractStringBuilder; @ 1
Event: 4.251 Thread 0x0000000002a31000 Uncommon trap: reason=bimorphic action=maybe_recompile pc=0x0000000002e76360 method=java.lang.ClassLoader.loadClass(Ljava/lang/String;Z)Ljava/lang/Class; @ 38
Event: 4.251 Thread 0x0000000002a31000 Uncommon trap: reason=bimorphic action=maybe_recompile pc=0x0000000002e76360 method=java.lang.ClassLoader.loadClass(Ljava/lang/String;Z)Ljava/lang/Class; @ 38
Event: 4.252 Thread 0x0000000002a31000 Uncommon trap: reason=class_check action=maybe_recompile pc=0x0000000002cf255c method=sun.misc.URLClassPath.getLoader(I)Lsun/misc/URLClassPath$Loader; @ 94
Event: 4.252 Thread 0x0000000002a31000 Uncommon trap: reason=class_check action=maybe_recompile pc=0x0000000002f4f9c8 method=sun.misc.URLClassPath.getResource(Ljava/lang/String;Z)Lsun/misc/Resource; @ 62
Event: 4.253 Thread 0x0000000002a31000 Uncommon trap: reason=bimorphic action=maybe_recompile pc=0x0000000002e76360 method=java.lang.ClassLoader.loadClass(Ljava/lang/String;Z)Ljava/lang/Class; @ 38
Event: 4.253 Thread 0x0000000002a31000 Uncommon trap: reason=bimorphic action=maybe_recompile pc=0x0000000002e76360 method=java.lang.ClassLoader.loadClass(Ljava/lang/String;Z)Ljava/lang/Class; @ 38
Event: 4.283 Thread 0x0000000002a31000 Uncommon trap: reason=class_check action=maybe_recompile pc=0x0000000002cf2700 method=sun.misc.URLClassPath.getLoader(I)Lsun/misc/URLClassPath$Loader; @ 239
Event: 4.311 Thread 0x0000000002a31000 Uncommon trap: reason=class_check action=maybe_recompile pc=0x0000000002cf2700 method=sun.misc.URLClassPath.getLoader(I)Lsun/misc/URLClassPath$Loader; @ 239

Internal exceptions (10 events):
Event: 4.366 Thread 0x0000000002a31000 Exception <a 'java/lang/ClassNotFoundException': org/gradle/initialization/BaseSettingsBeanInfo> (0x0000000781dd0708) thrown at [C:\re\workspace\8-2-build-windows-amd64-cygwin\jdk8u131\8869\hotspot\src\share\vm\classfile\systemDictionary.cpp, line 210]
Event: 4.366 Thread 0x0000000002a31000 Exception <a 'java/lang/ClassNotFoundException': org/gradle/api/internal/project/AbstractPluginAwareBeanInfo> (0x0000000781df0cf8) thrown at [C:\re\workspace\8-2-build-windows-amd64-cygwin\jdk8u131\8869\hotspot\src\share\vm\classfile\systemDictionary.cpp,
Event: 4.367 Thread 0x0000000002a31000 Exception <a 'java/lang/ClassNotFoundException': org/gradle/api/internal/project/AbstractPluginAwareCustomizer> (0x0000000781e11af8) thrown at [C:\re\workspace\8-2-build-windows-amd64-cygwin\jdk8u131\8869\hotspot\src\share\vm\classfile\systemDictionary.cp
Event: 4.368 Thread 0x0000000002a31000 Exception <a 'java/lang/ClassNotFoundException': org/gradle/initialization/BaseSettingsCustomizer> (0x0000000781e33f70) thrown at [C:\re\workspace\8-2-build-windows-amd64-cygwin\jdk8u131\8869\hotspot\src\share\vm\classfile\systemDictionary.cpp, line 210]
Event: 4.372 Thread 0x0000000002a31000 Exception <a 'java/lang/ClassNotFoundException': org/gradle/initialization/DefaultSettingsCustomizer> (0x0000000781e76a68) thrown at [C:\re\workspace\8-2-build-windows-amd64-cygwin\jdk8u131\8869\hotspot\src\share\vm\classfile\systemDictionary.cpp, line 21
Event: 4.373 Thread 0x0000000002a31000 Exception <a 'java/lang/ClassNotFoundException': org/gradle/initialization/DefaultSettings_DecoratedCustomizer> (0x0000000781e9c728) thrown at [C:\re\workspace\8-2-build-windows-amd64-cygwin\jdk8u131\8869\hotspot\src\share\vm\classfile\systemDictionary.cp
Event: 4.386 Thread 0x0000000002a31000 Exception <a 'java/lang/ClassNotFoundException': org/gradle/initialization/DefaultProjectDescriptorBeanInfo> (0x0000000781f3b370) thrown at [C:\re\workspace\8-2-build-windows-amd64-cygwin\jdk8u131\8869\hotspot\src\share\vm\classfile\systemDictionary.cpp, 
Event: 4.386 Thread 0x0000000002a31000 Exception <a 'java/lang/ClassNotFoundException': org/gradle/initialization/DefaultProjectDescriptorCustomizer> (0x0000000781f5a418) thrown at [C:\re\workspace\8-2-build-windows-amd64-cygwin\jdk8u131\8869\hotspot\src\share\vm\classfile\systemDictionary.cpp
Event: 4.393 Thread 0x0000000002a31000 Exception <a 'java/lang/OutOfMemoryError'> (0x0000000781fd0e40) thrown at [C:\re\workspace\8-2-build-windows-amd64-cygwin\jdk8u131\8869\hotspot\src\share\vm\prims\jni.cpp, line 735]
Event: 4.393 Thread 0x0000000002a31000 Exception <a 'java/lang/OutOfMemoryError'> (0x0000000781fd0e40) thrown at [C:\re\workspace\8-2-build-windows-amd64-cygwin\jdk8u131\8869\hotspot\src\share\vm\prims\jvm.cpp, line 1394]

Events (10 events):
Event: 4.405 loading class org/gradle/internal/logging/text/BufferingStyledTextOutput$ChangeStyleAction
Event: 4.405 loading class org/gradle/internal/logging/text/BufferingStyledTextOutput$ChangeStyleAction done
Event: 4.405 loading class org/apache/commons/lang/text/StrBuilder
Event: 4.405 loading class org/apache/commons/lang/text/StrBuilder done
Event: 4.407 loading class java/lang/StringIndexOutOfBoundsException
Event: 4.407 loading class java/lang/StringIndexOutOfBoundsException done
Event: 4.407 loading class org/apache/commons/lang/text/StrTokenizer
Event: 4.407 loading class org/apache/commons/lang/text/StrTokenizer done
Event: 4.408 loading class org/apache/commons/lang/text/StrBuilder$StrBuilderTokenizer
Event: 4.408 loading class org/apache/commons/lang/text/StrBuilder$StrBuilderTokenizer done


Dynamic libraries:
0x00007ff7133a0000 - 0x00007ff7133d7000 	C:\Program Files\Java\jdk1.8.0_131\bin\java.exe
0x00007ffc66fb0000 - 0x00007ffc6718b000 	C:\WINDOWS\SYSTEM32\ntdll.dll
0x00007ffc64d00000 - 0x00007ffc64dae000 	C:\WINDOWS\System32\KERNEL32.DLL
0x00007ffc63ef0000 - 0x00007ffc64139000 	C:\WINDOWS\System32\KERNELBASE.dll
0x00007ffc66e00000 - 0x00007ffc66ea1000 	C:\WINDOWS\System32\ADVAPI32.dll
0x00007ffc66f10000 - 0x00007ffc66fad000 	C:\WINDOWS\System32\msvcrt.dll
0x00007ffc64b50000 - 0x00007ffc64ba9000 	C:\WINDOWS\System32\sechost.dll
0x00007ffc64e60000 - 0x00007ffc64f85000 	C:\WINDOWS\System32\RPCRT4.dll
0x00007ffc66a10000 - 0x00007ffc66b5a000 	C:\WINDOWS\System32\USER32.dll
0x00007ffc64260000 - 0x00007ffc6427e000 	C:\WINDOWS\System32\win32u.dll
0x00007ffc64db0000 - 0x00007ffc64dd7000 	C:\WINDOWS\System32\GDI32.dll
0x00007ffc64280000 - 0x00007ffc64407000 	C:\WINDOWS\System32\gdi32full.dll
0x00007ffc63750000 - 0x00007ffc637ea000 	C:\WINDOWS\System32\msvcp_win.dll
0x00007ffc64410000 - 0x00007ffc64506000 	C:\WINDOWS\System32\ucrtbase.dll
0x00007ffc54f90000 - 0x00007ffc551f7000 	C:\WINDOWS\WinSxS\amd64_microsoft.windows.common-controls_6595b64144ccf1df_6.0.15063.483_none_26002d27e7c744a2\COMCTL32.dll
0x00007ffc64720000 - 0x00007ffc64a19000 	C:\WINDOWS\System32\combase.dll
0x00007ffc641f0000 - 0x00007ffc6425a000 	C:\WINDOWS\System32\bcryptPrimitives.dll
0x00007ffc64cd0000 - 0x00007ffc64cfd000 	C:\WINDOWS\System32\IMM32.DLL
0x0000000054dd0000 - 0x0000000054ea2000 	C:\Program Files\Java\jdk1.8.0_131\jre\bin\msvcr100.dll
0x0000000054530000 - 0x0000000054dcc000 	C:\Program Files\Java\jdk1.8.0_131\jre\bin\server\jvm.dll
0x00007ffc66c20000 - 0x00007ffc66c28000 	C:\WINDOWS\System32\PSAPI.DLL
0x00007ffc613d0000 - 0x00007ffc613d9000 	C:\WINDOWS\SYSTEM32\WSOCK32.dll
0x00007ffc64510000 - 0x00007ffc6457c000 	C:\WINDOWS\System32\WS2_32.dll
0x00007ffc619f0000 - 0x00007ffc61a13000 	C:\WINDOWS\SYSTEM32\WINMM.dll
0x00007ffc553a0000 - 0x00007ffc553aa000 	C:\WINDOWS\SYSTEM32\VERSION.dll
0x00007ffc619c0000 - 0x00007ffc619eb000 	C:\WINDOWS\SYSTEM32\WINMMBASE.dll
0x00007ffc63700000 - 0x00007ffc63749000 	C:\WINDOWS\System32\cfgmgr32.dll
0x0000000054520000 - 0x000000005452f000 	C:\Program Files\Java\jdk1.8.0_131\jre\bin\verify.dll
0x00000000544f0000 - 0x0000000054519000 	C:\Program Files\Java\jdk1.8.0_131\jre\bin\java.dll
0x00000000544d0000 - 0x00000000544e6000 	C:\Program Files\Java\jdk1.8.0_131\jre\bin\zip.dll
0x00007ffc655d0000 - 0x00007ffc66a07000 	C:\WINDOWS\System32\SHELL32.dll
0x00007ffc64f90000 - 0x00007ffc6503a000 	C:\WINDOWS\System32\shcore.dll
0x00007ffc637f0000 - 0x00007ffc63ee1000 	C:\WINDOWS\System32\windows.storage.dll
0x00007ffc64c70000 - 0x00007ffc64cc1000 	C:\WINDOWS\System32\shlwapi.dll
0x00007ffc63470000 - 0x00007ffc63481000 	C:\WINDOWS\System32\kernel.appcore.dll
0x00007ffc63420000 - 0x00007ffc6346c000 	C:\WINDOWS\System32\powrprof.dll
0x00007ffc634b0000 - 0x00007ffc634c5000 	C:\WINDOWS\System32\profapi.dll
0x00000000544b0000 - 0x00000000544ca000 	C:\Program Files\Java\jdk1.8.0_131\jre\bin\net.dll
0x00007ffc62d30000 - 0x00007ffc62d8c000 	C:\WINDOWS\system32\mswsock.dll
0x0000000054490000 - 0x00000000544a1000 	C:\Program Files\Java\jdk1.8.0_131\jre\bin\nio.dll
0x00007ffc4f720000 - 0x00007ffc4f732000 	C:\Users\Deepak\.gradle\native\19\windows-amd64\native-platform.dll
0x0000000180000000 - 0x0000000180037000 	C:\Users\Deepak\.gradle\native\jna\win32-amd64\jnidispatch.dll
0x00007ffc62ed0000 - 0x00007ffc62ee7000 	C:\WINDOWS\SYSTEM32\CRYPTSP.dll
0x00007ffc62960000 - 0x00007ffc62994000 	C:\WINDOWS\system32\rsaenh.dll
0x00007ffc62fe0000 - 0x00007ffc63005000 	C:\WINDOWS\SYSTEM32\bcrypt.dll
0x00007ffc63320000 - 0x00007ffc63349000 	C:\WINDOWS\SYSTEM32\USERENV.dll
0x00007ffc62ef0000 - 0x00007ffc62efb000 	C:\WINDOWS\SYSTEM32\CRYPTBASE.dll
0x00007ffc62ad0000 - 0x00007ffc62b07000 	C:\WINDOWS\SYSTEM32\IPHLPAPI.DLL
0x00007ffc66b60000 - 0x00007ffc66b68000 	C:\WINDOWS\System32\NSI.dll
0x00007ffc5f3c0000 - 0x00007ffc5f3d6000 	C:\WINDOWS\SYSTEM32\dhcpcsvc6.DLL
0x00007ffc5f330000 - 0x00007ffc5f34a000 	C:\WINDOWS\SYSTEM32\dhcpcsvc.DLL
0x0000000054440000 - 0x000000005444d000 	C:\Program Files\Java\jdk1.8.0_131\jre\bin\management.dll

VM Arguments:
jvm_args: -Dorg.gradle.appname=gradlew 
java_command: org.gradle.wrapper.GradleWrapperMain installDebug
java_class_path (initial): D:\ReactNativeProjects\Projects\KhataraGadiProject\android\\gradle\wrapper\gradle-wrapper.jar
Launcher Type: SUN_STANDARD

Environment Variables:
CLASSPATH=D:\ReactNativeProjects\Projects\KhataraGadiProject\android\\gradle\wrapper\gradle-wrapper.jar
PATH=C:\WINDOWS\system32;C:\WINDOWS;C:\WINDOWS\System32\Wbem;C:\WINDOWS\System32\WindowsPowerShell\v1.0\;C:\Program Files\Git\cmd;C:\Program Files\TortoiseSVN\bin;C:\Program Files\CMake\bin;C:\Program Files\Microsoft Network Monitor 3\;C:\Program Files\dotnet\;C:\Users\Deepak\AppData\Local\atom\app-1.19.4\resources\app\apm\node_modules\npm;D:\AndroidSDK\sdk\platform-tools;C:\Program Files\Java\jdk1.8.0_131\bin;,;C:\Program Files\Java\jdk1.8.0_131\jre\lib;D:\AndroidSDK\sdk\tools;D:\AndroidSDK\apache-ant-1.9.6-bin\bin;D:\android-ndk-r15c;C:\cygwin64\bin;C:\Users\Deepak\AppData\Local\atom\bin;C:\Users\Deepak\AppData\Local\Microsoft\WindowsApps;C:\Program Files\Microsoft VS Code\bin;D:\ReactNativeProjects\node-v9.4.0;
USERNAME=Deepak
OS=Windows_NT
PROCESSOR_IDENTIFIER=Intel64 Family 6 Model 69 Stepping 1, GenuineIntel



---------------  S Y S T E M  ---------------

OS: Windows 10.0 , 64 bit Build 15063 (10.0.15063.296)

CPU:total 4 (initial active 4) (2 cores per cpu, 2 threads per core) family 6 model 69 stepping 1, cmov, cx8, fxsr, mmx, sse, sse2, sse3, ssse3, sse4.1, sse4.2, popcnt, avx, avx2, aes, clmul, erms, lzcnt, ht, tsc, tscinvbit, bmi1, bmi2

Memory: 4k page, physical 12263140k(1441924k free), swap 20109836k(8852k free)

vm_info: Java HotSpot(TM) 64-Bit Server VM (25.131-b11) for windows-amd64 JRE (1.8.0_131-b11), built on Mar 15 2017 01:23:53 by "java_re" with MS VC++ 10.0 (VS2010)

time: Mon Feb 12 19:39:31 2018
elapsed time: 4 seconds (0d 0h 0m 4s)

