#
# There is insufficient memory for the Java Runtime Environment to continue.
# Native memory allocation (malloc) failed to allocate 670896 bytes for Chunk::new
# Possible reasons:
#   The system is out of physical RAM or swap space
#   In 32 bit mode, the process size limit was hit
# Possible solutions:
#   Reduce memory load on the system
#   Increase physical memory or swap space
#   Check if swap backing store is full
#   Use 64 bit Java on a 64 bit OS
#   Decrease Java heap size (-Xmx/-Xms)
#   Decrease number of Java threads
#   Decrease Java thread stack sizes (-Xss)
#   Set larger code cache with -XX:ReservedCodeCacheSize=
# This output file may be truncated or incomplete.
#
#  Out of Memory Error (allocation.cpp:390), pid=37820, tid=0x000000000000b610
#
# JRE version: Java(TM) SE Runtime Environment (8.0_131-b11) (build 1.8.0_131-b11)
# Java VM: Java HotSpot(TM) 64-Bit Server VM (25.131-b11 mixed mode windows-amd64 compressed oops)
# Failed to write core dump. Minidumps are not enabled by default on client versions of Windows
#

---------------  T H R E A D  ---------------

Current thread (0x0000000019237000):  JavaThread "C2 CompilerThread1" daemon [_thread_in_native, id=46608, stack(0x000000001a970000,0x000000001aa70000)]

Stack: [0x000000001a970000,0x000000001aa70000]
[error occurred during error reporting (printing stack bounds), id 0xc0000005]

Native frames: (J=compiled Java code, j=interpreted, Vv=VM code, C=native code)


Current CompileTask:
C2:   1810  618       4       java.io.WinNTFileSystem::normalize (143 bytes)


---------------  P R O C E S S  ---------------

Java Threads: ( => current thread )
  0x000000001aa76800 JavaThread "Service Thread" daemon [_thread_blocked, id=29356, stack(0x000000001af70000,0x000000001b070000)]
  0x000000000238e800 JavaThread "C1 CompilerThread2" daemon [_thread_blocked, id=31924, stack(0x000000001ae70000,0x000000001af70000)]
=>0x0000000019237000 JavaThread "C2 CompilerThread1" daemon [_thread_in_native, id=46608, stack(0x000000001a970000,0x000000001aa70000)]
  0x0000000019235000 JavaThread "C2 CompilerThread0" daemon [_thread_blocked, id=25708, stack(0x000000001a870000,0x000000001a970000)]
  0x0000000019233000 JavaThread "Attach Listener" daemon [_thread_blocked, id=36928, stack(0x000000001a770000,0x000000001a870000)]
  0x0000000019230000 JavaThread "Signal Dispatcher" daemon [_thread_blocked, id=6356, stack(0x000000001a670000,0x000000001a770000)]
  0x0000000002384800 JavaThread "Finalizer" daemon [_thread_blocked, id=30848, stack(0x000000001a480000,0x000000001a580000)]
  0x0000000002381000 JavaThread "Reference Handler" daemon [_thread_blocked, id=25612, stack(0x000000001a380000,0x000000001a480000)]
  0x0000000002291000 JavaThread "main" [_thread_in_vm, id=18336, stack(0x0000000002150000,0x0000000002250000)]

Other Threads:
  0x00000000191f7800 VMThread [stack: 0x000000001a280000,0x000000001a380000] [id=30088]
  0x000000001aa82800 WatcherThread [stack: 0x000000001b070000,0x000000001b170000] [id=17704]

VM state:not at safepoint (normal execution)

VM Mutex/Monitor currently owned by a thread: None

Heap:
 PSYoungGen      total 56320K, used 38946K [0x0000000781a00000, 0x0000000785880000, 0x00000007c0000000)
  eden space 48640K, 80% used [0x0000000781a00000,0x0000000784008898,0x0000000784980000)
  from space 7680K, 0% used [0x0000000785100000,0x0000000785100000,0x0000000785880000)
  to   space 7680K, 0% used [0x0000000784980000,0x0000000784980000,0x0000000785100000)
 ParOldGen       total 128512K, used 0K [0x0000000704e00000, 0x000000070cb80000, 0x0000000781a00000)
  object space 128512K, 0% used [0x0000000704e00000,0x0000000704e00000,0x000000070cb80000)
 Metaspace       used 8593K, capacity 8810K, committed 8960K, reserved 1056768K
  class space    used 1131K, capacity 1186K, committed 1280K, reserved 1048576K

Card table byte_map: [0x0000000011750000,0x0000000011d30000] byte_map_base: 0x000000000df29000

Marking Bits: (ParMarkBitMap*) 0x0000000054d4c720
 Begin Bits: [0x0000000012520000, 0x00000000153e8000)
 End Bits:   [0x00000000153e8000, 0x00000000182b0000)

Polling page: 0x0000000000ab0000

CodeCache: size=245760Kb used=2787Kb max_used=2803Kb free=242972Kb
 bounds [0x0000000002390000, 0x0000000002660000, 0x0000000011390000]
 total_blobs=944 nmethods=635 adapters=222
 compilation: enabled

Compilation events (10 events):
Event: 1.756 Thread 0x000000000238e800  631       3       java.io.WinNTFileSystem::normalizePrefix (132 bytes)
Event: 1.758 Thread 0x0000000019235000 nmethod 630 0x000000000262ac50 code [0x000000000262ada0, 0x000000000262af98]
Event: 1.758 Thread 0x000000000238e800 nmethod 631 0x00000000026455d0 code [0x0000000002645960, 0x0000000002647f68]
Event: 1.759 Thread 0x000000000238e800  632       3       java.lang.ref.ReferenceQueue::<init> (27 bytes)
Event: 1.759 Thread 0x000000000238e800 nmethod 632 0x000000000262bf50 code [0x000000000262c0c0, 0x000000000262c430]
Event: 1.762 Thread 0x000000000238e800  633       3       sun.misc.URLClassPath::access$100 (7 bytes)
Event: 1.762 Thread 0x0000000019235000  634 %     4       java.io.WinNTFileSystem::normalize @ 61 (231 bytes)
Event: 1.763 Thread 0x000000000238e800 nmethod 633 0x000000000262bb90 code [0x000000000262bd00, 0x000000000262be68]
Event: 1.768 Thread 0x000000000238e800  635       3       java.lang.String::lastIndexOf (151 bytes)
Event: 1.769 Thread 0x000000000238e800 nmethod 635 0x0000000002644a50 code [0x0000000002644c00, 0x0000000002645150]

GC Heap History (0 events):
No events

Deoptimization events (6 events):
Event: 1.045 Thread 0x0000000002291000 Uncommon trap: reason=unstable_if action=reinterpret pc=0x00000000025b505c method=java.util.HashMap.getNode(ILjava/lang/Object;)Ljava/util/HashMap$Node; @ 129
Event: 1.045 Thread 0x0000000002291000 Uncommon trap: reason=unstable_if action=reinterpret pc=0x00000000025a2f44 method=java.util.HashMap.getNode(ILjava/lang/Object;)Ljava/util/HashMap$Node; @ 129
Event: 1.469 Thread 0x0000000002291000 Uncommon trap: reason=predicate action=maybe_recompile pc=0x00000000025e38a4 method=sun.net.www.ParseUtil.encodePath(Ljava/lang/String;Z)Ljava/lang/String; @ 36
Event: 1.530 Thread 0x0000000002291000 Uncommon trap: reason=unstable_if action=reinterpret pc=0x00000000025f67a8 method=java.lang.String$CaseInsensitiveComparator.compare(Ljava/lang/String;Ljava/lang/String;)I @ 26
Event: 1.667 Thread 0x0000000002291000 Uncommon trap: reason=unstable_if action=reinterpret pc=0x00000000025ed4f0 method=java.lang.String$CaseInsensitiveComparator.compare(Ljava/lang/String;Ljava/lang/String;)I @ 26
Event: 1.697 Thread 0x0000000002291000 Uncommon trap: reason=bimorphic action=maybe_recompile pc=0x00000000026227f8 method=java.util.HashMap.putVal(ILjava/lang/Object;Ljava/lang/Object;ZZ)Ljava/lang/Object; @ 91

Internal exceptions (10 events):
Event: 0.266 Thread 0x0000000002291000 Exception <a 'java/security/PrivilegedActionException'> (0x0000000781c0d008) thrown at [C:\re\workspace\8-2-build-windows-amd64-cygwin\jdk8u131\8869\hotspot\src\share\vm\prims\jvm.cpp, line 1390]
Event: 0.591 Thread 0x0000000002291000 Exception <a 'java/lang/ArrayIndexOutOfBoundsException': 100> (0x00000007820a0fe8) thrown at [C:\re\workspace\8-2-build-windows-amd64-cygwin\jdk8u131\8869\hotspot\src\share\vm\interpreter\interpreterRuntime.cpp, line 366]
Event: 0.592 Thread 0x0000000002291000 Exception <a 'java/lang/ArrayIndexOutOfBoundsException': 18> (0x00000007820a1f00) thrown at [C:\re\workspace\8-2-build-windows-amd64-cygwin\jdk8u131\8869\hotspot\src\share\vm\interpreter\interpreterRuntime.cpp, line 366]
Event: 0.592 Thread 0x0000000002291000 Exception <a 'java/lang/ArrayIndexOutOfBoundsException': 40> (0x00000007820a2b30) thrown at [C:\re\workspace\8-2-build-windows-amd64-cygwin\jdk8u131\8869\hotspot\src\share\vm\interpreter\interpreterRuntime.cpp, line 366]
Event: 0.782 Thread 0x0000000002291000 Exception <a 'java/lang/ArrayIndexOutOfBoundsException'> (0x000000078248e9f0) thrown at [C:\re\workspace\8-2-build-windows-amd64-cygwin\jdk8u131\8869\hotspot\src\share\vm\runtime\sharedRuntime.cpp, line 605]
Event: 0.782 Thread 0x0000000002291000 Exception <a 'java/lang/ArrayIndexOutOfBoundsException'> (0x000000078248f8b0) thrown at [C:\re\workspace\8-2-build-windows-amd64-cygwin\jdk8u131\8869\hotspot\src\share\vm\runtime\sharedRuntime.cpp, line 605]
Event: 1.414 Thread 0x0000000002291000 Exception <a 'java/lang/ArrayIndexOutOfBoundsException'> (0x00000007830969b8) thrown at [C:\re\workspace\8-2-build-windows-amd64-cygwin\jdk8u131\8869\hotspot\src\share\vm\runtime\sharedRuntime.cpp, line 605]
Event: 1.414 Thread 0x0000000002291000 Exception <a 'java/lang/ArrayIndexOutOfBoundsException'> (0x0000000783097910) thrown at [C:\re\workspace\8-2-build-windows-amd64-cygwin\jdk8u131\8869\hotspot\src\share\vm\runtime\sharedRuntime.cpp, line 605]
Event: 1.414 Thread 0x0000000002291000 Exception <a 'java/lang/ArrayIndexOutOfBoundsException'> (0x0000000783099640) thrown at [C:\re\workspace\8-2-build-windows-amd64-cygwin\jdk8u131\8869\hotspot\src\share\vm\runtime\sharedRuntime.cpp, line 605]
Event: 1.414 Thread 0x0000000002291000 Exception <a 'java/lang/ArrayIndexOutOfBoundsException'> (0x000000078309b2e8) thrown at [C:\re\workspace\8-2-build-windows-amd64-cygwin\jdk8u131\8869\hotspot\src\share\vm\runtime\sharedRuntime.cpp, line 605]

Events (10 events):
Event: 1.696 loading class org/gradle/tooling/internal/provider/LauncherServices done
Event: 1.697 Thread 0x0000000002291000 Uncommon trap: trap_request=0xffffffc6 fr.pc=0x00000000026227f8
Event: 1.697 Thread 0x0000000002291000 DEOPT PACKING pc=0x00000000026227f8 sp=0x000000000224cc60
Event: 1.697 Thread 0x0000000002291000 DEOPT UNPACKING pc=0x00000000023d582a sp=0x000000000224cb10 mode 2
Event: 1.698 loading class org/gradle/api/internal/artifacts/DependencyServices
Event: 1.698 loading class org/gradle/api/internal/artifacts/DependencyServices done
Event: 1.766 loading class org/gradle/plugin/use/internal/PluginUsePluginServiceRegistry
Event: 1.766 loading class org/gradle/plugin/use/internal/PluginUsePluginServiceRegistry done
Event: 1.768 loading class org/gradle/internal/resource/transport/http/HttpResourcesPluginServiceRegistry
Event: 1.768 loading class org/gradle/internal/resource/transport/http/HttpResourcesPluginServiceRegistry done


Dynamic libraries:
0x00007ff7133a0000 - 0x00007ff7133d7000 	C:\Program Files\Java\jdk1.8.0_131\bin\java.exe
0x00007ffc66fb0000 - 0x00007ffc6718b000 	C:\WINDOWS\SYSTEM32\ntdll.dll
0x00007ffc64d00000 - 0x00007ffc64dae000 	C:\WINDOWS\System32\KERNEL32.DLL
0x00007ffc63ef0000 - 0x00007ffc64139000 	C:\WINDOWS\System32\KERNELBASE.dll
0x00007ffc66e00000 - 0x00007ffc66ea1000 	C:\WINDOWS\System32\ADVAPI32.dll
0x00007ffc66f10000 - 0x00007ffc66fad000 	C:\WINDOWS\System32\msvcrt.dll
0x00007ffc64b50000 - 0x00007ffc64ba9000 	C:\WINDOWS\System32\sechost.dll
0x00007ffc64e60000 - 0x00007ffc64f85000 	C:\WINDOWS\System32\RPCRT4.dll
0x00007ffc66a10000 - 0x00007ffc66b5a000 	C:\WINDOWS\System32\USER32.dll
0x00007ffc64260000 - 0x00007ffc6427e000 	C:\WINDOWS\System32\win32u.dll
0x00007ffc64db0000 - 0x00007ffc64dd7000 	C:\WINDOWS\System32\GDI32.dll
0x00007ffc64280000 - 0x00007ffc64407000 	C:\WINDOWS\System32\gdi32full.dll
0x00007ffc63750000 - 0x00007ffc637ea000 	C:\WINDOWS\System32\msvcp_win.dll
0x00007ffc64410000 - 0x00007ffc64506000 	C:\WINDOWS\System32\ucrtbase.dll
0x00007ffc54f90000 - 0x00007ffc551f7000 	C:\WINDOWS\WinSxS\amd64_microsoft.windows.common-controls_6595b64144ccf1df_6.0.15063.483_none_26002d27e7c744a2\COMCTL32.dll
0x00007ffc64720000 - 0x00007ffc64a19000 	C:\WINDOWS\System32\combase.dll
0x00007ffc641f0000 - 0x00007ffc6425a000 	C:\WINDOWS\System32\bcryptPrimitives.dll
0x00007ffc64cd0000 - 0x00007ffc64cfd000 	C:\WINDOWS\System32\IMM32.DLL
0x0000000054dd0000 - 0x0000000054ea2000 	C:\Program Files\Java\jdk1.8.0_131\jre\bin\msvcr100.dll
0x0000000054530000 - 0x0000000054dcc000 	C:\Program Files\Java\jdk1.8.0_131\jre\bin\server\jvm.dll
0x00007ffc66c20000 - 0x00007ffc66c28000 	C:\WINDOWS\System32\PSAPI.DLL
0x00007ffc613d0000 - 0x00007ffc613d9000 	C:\WINDOWS\SYSTEM32\WSOCK32.dll
0x00007ffc64510000 - 0x00007ffc6457c000 	C:\WINDOWS\System32\WS2_32.dll
0x00007ffc619f0000 - 0x00007ffc61a13000 	C:\WINDOWS\SYSTEM32\WINMM.dll
0x00007ffc553a0000 - 0x00007ffc553aa000 	C:\WINDOWS\SYSTEM32\VERSION.dll
0x00007ffc619c0000 - 0x00007ffc619eb000 	C:\WINDOWS\SYSTEM32\WINMMBASE.dll
0x00007ffc63700000 - 0x00007ffc63749000 	C:\WINDOWS\System32\cfgmgr32.dll
0x0000000054520000 - 0x000000005452f000 	C:\Program Files\Java\jdk1.8.0_131\jre\bin\verify.dll
0x00000000544f0000 - 0x0000000054519000 	C:\Program Files\Java\jdk1.8.0_131\jre\bin\java.dll
0x00000000544d0000 - 0x00000000544e6000 	C:\Program Files\Java\jdk1.8.0_131\jre\bin\zip.dll
0x00007ffc655d0000 - 0x00007ffc66a07000 	C:\WINDOWS\System32\SHELL32.dll
0x00007ffc64f90000 - 0x00007ffc6503a000 	C:\WINDOWS\System32\shcore.dll
0x00007ffc637f0000 - 0x00007ffc63ee1000 	C:\WINDOWS\System32\windows.storage.dll
0x00007ffc64c70000 - 0x00007ffc64cc1000 	C:\WINDOWS\System32\shlwapi.dll
0x00007ffc63470000 - 0x00007ffc63481000 	C:\WINDOWS\System32\kernel.appcore.dll
0x00007ffc63420000 - 0x00007ffc6346c000 	C:\WINDOWS\System32\powrprof.dll
0x00007ffc634b0000 - 0x00007ffc634c5000 	C:\WINDOWS\System32\profapi.dll
0x00000000544b0000 - 0x00000000544ca000 	C:\Program Files\Java\jdk1.8.0_131\jre\bin\net.dll
0x00007ffc62d30000 - 0x00007ffc62d8c000 	C:\WINDOWS\system32\mswsock.dll
0x0000000054490000 - 0x00000000544a1000 	C:\Program Files\Java\jdk1.8.0_131\jre\bin\nio.dll
0x00007ffc4f720000 - 0x00007ffc4f732000 	C:\Users\Deepak\.gradle\native\19\windows-amd64\native-platform.dll
0x0000000180000000 - 0x0000000180037000 	C:\Users\Deepak\.gradle\native\jna\win32-amd64\jnidispatch.dll
0x00007ffc62ed0000 - 0x00007ffc62ee7000 	C:\WINDOWS\SYSTEM32\CRYPTSP.dll
0x00007ffc62960000 - 0x00007ffc62994000 	C:\WINDOWS\system32\rsaenh.dll
0x00007ffc62fe0000 - 0x00007ffc63005000 	C:\WINDOWS\SYSTEM32\bcrypt.dll
0x00007ffc63320000 - 0x00007ffc63349000 	C:\WINDOWS\SYSTEM32\USERENV.dll
0x00007ffc62ef0000 - 0x00007ffc62efb000 	C:\WINDOWS\SYSTEM32\CRYPTBASE.dll
0x00007ffc62ad0000 - 0x00007ffc62b07000 	C:\WINDOWS\SYSTEM32\IPHLPAPI.DLL
0x00007ffc66b60000 - 0x00007ffc66b68000 	C:\WINDOWS\System32\NSI.dll
0x00007ffc5f3c0000 - 0x00007ffc5f3d6000 	C:\WINDOWS\SYSTEM32\dhcpcsvc6.DLL
0x00007ffc5f330000 - 0x00007ffc5f34a000 	C:\WINDOWS\SYSTEM32\dhcpcsvc.DLL
0x0000000054440000 - 0x000000005444d000 	C:\Program Files\Java\jdk1.8.0_131\jre\bin\management.dll

VM Arguments:
jvm_args: -Dorg.gradle.appname=gradlew 
java_command: org.gradle.wrapper.GradleWrapperMain installDebug
java_class_path (initial): D:\ReactNativeProjects\Projects\KhataraGadiProject\android\\gradle\wrapper\gradle-wrapper.jar
Launcher Type: SUN_STANDARD

Environment Variables:
CLASSPATH=D:\ReactNativeProjects\Projects\KhataraGadiProject\android\\gradle\wrapper\gradle-wrapper.jar
PATH=C:\WINDOWS\system32;C:\WINDOWS;C:\WINDOWS\System32\Wbem;C:\WINDOWS\System32\WindowsPowerShell\v1.0\;C:\Program Files\Git\cmd;C:\Program Files\TortoiseSVN\bin;C:\Program Files\CMake\bin;C:\Program Files\Microsoft Network Monitor 3\;C:\Program Files\dotnet\;C:\Users\Deepak\AppData\Local\atom\app-1.19.4\resources\app\apm\node_modules\npm;D:\AndroidSDK\sdk\platform-tools;C:\Program Files\Java\jdk1.8.0_131\bin;,;C:\Program Files\Java\jdk1.8.0_131\jre\lib;D:\AndroidSDK\sdk\tools;D:\AndroidSDK\apache-ant-1.9.6-bin\bin;D:\android-ndk-r15c;C:\cygwin64\bin;C:\Users\Deepak\AppData\Local\atom\bin;C:\Users\Deepak\AppData\Local\Microsoft\WindowsApps;C:\Program Files\Microsoft VS Code\bin;D:\ReactNativeProjects\node-v9.4.0;
USERNAME=Deepak
OS=Windows_NT
PROCESSOR_IDENTIFIER=Intel64 Family 6 Model 69 Stepping 1, GenuineIntel



---------------  S Y S T E M  ---------------

OS: Windows 10.0 , 64 bit Build 15063 (10.0.15063.296)

CPU:total 4 (initial active 4) (2 cores per cpu, 2 threads per core) family 6 model 69 stepping 1, cmov, cx8, fxsr, mmx, sse, sse2, sse3, ssse3, sse4.1, sse4.2, popcnt, avx, avx2, aes, clmul, erms, lzcnt, ht, tsc, tscinvbit, bmi1, bmi2

Memory: 4k page, physical 12263140k(1640752k free), swap 20109836k(3380k free)

vm_info: Java HotSpot(TM) 64-Bit Server VM (25.131-b11) for windows-amd64 JRE (1.8.0_131-b11), built on Mar 15 2017 01:23:53 by "java_re" with MS VC++ 10.0 (VS2010)

time: Mon Feb 12 19:37:51 2018
elapsed time: 1 seconds (0d 0h 0m 1s)

