#
# There is insufficient memory for the Java Runtime Environment to continue.
# Native memory allocation (malloc) failed to allocate 1048576 bytes for AllocateHeap
# Possible reasons:
#   The system is out of physical RAM or swap space
#   In 32 bit mode, the process size limit was hit
# Possible solutions:
#   Reduce memory load on the system
#   Increase physical memory or swap space
#   Check if swap backing store is full
#   Use 64 bit Java on a 64 bit OS
#   Decrease Java heap size (-Xmx/-Xms)
#   Decrease number of Java threads
#   Decrease Java thread stack sizes (-Xss)
#   Set larger code cache with -XX:ReservedCodeCacheSize=
# This output file may be truncated or incomplete.
#
#  Out of Memory Error (memory/allocation.inline.hpp:61), pid=11768, tid=0x0000000000004228
#
# JRE version:  (8.0_131-b11) (build )
# Java VM: Java HotSpot(TM) 64-Bit Server VM (25.131-b11 mixed mode windows-amd64 compressed oops)
# Failed to write core dump. Minidumps are not enabled by default on client versions of Windows
#

---------------  T H R E A D  ---------------

Current thread (0x0000000002811000):  JavaThread "Unknown thread" [_thread_in_vm, id=16936, stack(0x0000000002710000,0x0000000002810000)]

Stack: [0x0000000002710000,0x0000000002810000]
[error occurred during error reporting (printing stack bounds), id 0xc0000005]

Native frames: (J=compiled Java code, j=interpreted, Vv=VM code, C=native code)


---------------  P R O C E S S  ---------------

Java Threads: ( => current thread )

Other Threads:

=>0x0000000002811000 (exited) JavaThread "Unknown thread" [_thread_in_vm, id=16936, stack(0x0000000002710000,0x0000000002810000)]

VM state:not at safepoint (normal execution)

VM Mutex/Monitor currently owned by a thread: None

Heap:
 PSYoungGen      total 56320K, used 972K [0x0000000781a00000, 0x0000000785880000, 0x00000007c0000000)
  eden space 48640K, 2% used [0x0000000781a00000,0x0000000781af3340,0x0000000784980000)
  from space 7680K, 0% used [0x0000000785100000,0x0000000785100000,0x0000000785880000)
  to   space 7680K, 0% used [0x0000000784980000,0x0000000784980000,0x0000000785100000)
 ParOldGen       total 128512K, used 0K [0x0000000704e00000, 0x000000070cb80000, 0x0000000781a00000)
  object space 128512K, 0% used [0x0000000704e00000,0x0000000704e00000,0x000000070cb80000)
 Metaspace       used 770K, capacity 4480K, committed 4480K, reserved 1056768K
  class space    used 75K, capacity 384K, committed 384K, reserved 1048576K

Card table byte_map: [0x0000000011cd0000,0x00000000122b0000] byte_map_base: 0x000000000e4a9000

Marking Bits: (ParMarkBitMap*) 0x0000000054d4c720
 Begin Bits: [0x0000000012aa0000, 0x0000000015968000)
 End Bits:   [0x0000000015968000, 0x0000000018830000)

Polling page: 0x0000000000940000

CodeCache: size=245760Kb used=328Kb max_used=328Kb free=245431Kb
 bounds [0x0000000002910000, 0x0000000002b80000, 0x0000000011910000]
 total_blobs=58 nmethods=0 adapters=38
 compilation: enabled

Compilation events (0 events):
No events

GC Heap History (0 events):
No events

Deoptimization events (0 events):
No events

Internal exceptions (0 events):
No events

Events (10 events):
Event: 0.038 loading class java/lang/Short
Event: 0.038 loading class java/lang/Short done
Event: 0.038 loading class java/lang/Integer
Event: 0.039 loading class java/lang/Integer done
Event: 0.039 loading class java/lang/Long
Event: 0.039 loading class java/lang/Long done
Event: 0.050 loading class java/lang/NullPointerException
Event: 0.050 loading class java/lang/NullPointerException done
Event: 0.050 loading class java/lang/ArithmeticException
Event: 0.050 loading class java/lang/ArithmeticException done


Dynamic libraries:
0x00007ff7133a0000 - 0x00007ff7133d7000 	C:\Program Files\Java\jdk1.8.0_131\bin\java.exe
0x00007ffc66fb0000 - 0x00007ffc6718b000 	C:\WINDOWS\SYSTEM32\ntdll.dll
0x00007ffc64d00000 - 0x00007ffc64dae000 	C:\WINDOWS\System32\KERNEL32.DLL
0x00007ffc63ef0000 - 0x00007ffc64139000 	C:\WINDOWS\System32\KERNELBASE.dll
0x00007ffc66e00000 - 0x00007ffc66ea1000 	C:\WINDOWS\System32\ADVAPI32.dll
0x00007ffc66f10000 - 0x00007ffc66fad000 	C:\WINDOWS\System32\msvcrt.dll
0x00007ffc64b50000 - 0x00007ffc64ba9000 	C:\WINDOWS\System32\sechost.dll
0x00007ffc64e60000 - 0x00007ffc64f85000 	C:\WINDOWS\System32\RPCRT4.dll
0x00007ffc66a10000 - 0x00007ffc66b5a000 	C:\WINDOWS\System32\USER32.dll
0x00007ffc64260000 - 0x00007ffc6427e000 	C:\WINDOWS\System32\win32u.dll
0x00007ffc64db0000 - 0x00007ffc64dd7000 	C:\WINDOWS\System32\GDI32.dll
0x00007ffc64280000 - 0x00007ffc64407000 	C:\WINDOWS\System32\gdi32full.dll
0x00007ffc63750000 - 0x00007ffc637ea000 	C:\WINDOWS\System32\msvcp_win.dll
0x00007ffc64410000 - 0x00007ffc64506000 	C:\WINDOWS\System32\ucrtbase.dll
0x00007ffc54f90000 - 0x00007ffc551f7000 	C:\WINDOWS\WinSxS\amd64_microsoft.windows.common-controls_6595b64144ccf1df_6.0.15063.483_none_26002d27e7c744a2\COMCTL32.dll
0x00007ffc64720000 - 0x00007ffc64a19000 	C:\WINDOWS\System32\combase.dll
0x00007ffc641f0000 - 0x00007ffc6425a000 	C:\WINDOWS\System32\bcryptPrimitives.dll
0x00007ffc64cd0000 - 0x00007ffc64cfd000 	C:\WINDOWS\System32\IMM32.DLL
0x0000000054dd0000 - 0x0000000054ea2000 	C:\Program Files\Java\jdk1.8.0_131\jre\bin\msvcr100.dll
0x0000000054530000 - 0x0000000054dcc000 	C:\Program Files\Java\jdk1.8.0_131\jre\bin\server\jvm.dll
0x00007ffc66c20000 - 0x00007ffc66c28000 	C:\WINDOWS\System32\PSAPI.DLL
0x00007ffc619f0000 - 0x00007ffc61a13000 	C:\WINDOWS\SYSTEM32\WINMM.dll
0x00007ffc613d0000 - 0x00007ffc613d9000 	C:\WINDOWS\SYSTEM32\WSOCK32.dll
0x00007ffc64510000 - 0x00007ffc6457c000 	C:\WINDOWS\System32\WS2_32.dll
0x00007ffc553a0000 - 0x00007ffc553aa000 	C:\WINDOWS\SYSTEM32\VERSION.dll
0x00007ffc619c0000 - 0x00007ffc619eb000 	C:\WINDOWS\SYSTEM32\winmmbase.dll
0x00007ffc63700000 - 0x00007ffc63749000 	C:\WINDOWS\System32\cfgmgr32.dll
0x0000000054520000 - 0x000000005452f000 	C:\Program Files\Java\jdk1.8.0_131\jre\bin\verify.dll
0x00000000544f0000 - 0x0000000054519000 	C:\Program Files\Java\jdk1.8.0_131\jre\bin\java.dll
0x00000000544d0000 - 0x00000000544e6000 	C:\Program Files\Java\jdk1.8.0_131\jre\bin\zip.dll

VM Arguments:
jvm_args: -Dorg.gradle.appname=gradlew 
java_command: org.gradle.wrapper.GradleWrapperMain installDebug
java_class_path (initial): D:\ReactNativeProjects\Projects\KhataraGadiProject\android\\gradle\wrapper\gradle-wrapper.jar
Launcher Type: SUN_STANDARD

Environment Variables:
CLASSPATH=D:\ReactNativeProjects\Projects\KhataraGadiProject\android\\gradle\wrapper\gradle-wrapper.jar
PATH=C:\WINDOWS\system32;C:\WINDOWS;C:\WINDOWS\System32\Wbem;C:\WINDOWS\System32\WindowsPowerShell\v1.0\;C:\Program Files\Git\cmd;C:\Program Files\TortoiseSVN\bin;C:\Program Files\CMake\bin;C:\Program Files\Microsoft Network Monitor 3\;C:\Program Files\dotnet\;C:\Users\Deepak\AppData\Local\atom\app-1.19.4\resources\app\apm\node_modules\npm;D:\AndroidSDK\sdk\platform-tools;C:\Program Files\Java\jdk1.8.0_131\bin;,;C:\Program Files\Java\jdk1.8.0_131\jre\lib;D:\AndroidSDK\sdk\tools;D:\AndroidSDK\apache-ant-1.9.6-bin\bin;D:\android-ndk-r15c;C:\cygwin64\bin;C:\Users\Deepak\AppData\Local\atom\bin;C:\Users\Deepak\AppData\Local\Microsoft\WindowsApps;C:\Program Files\Microsoft VS Code\bin;D:\ReactNativeProjects\node-v9.4.0;
USERNAME=Deepak
OS=Windows_NT
PROCESSOR_IDENTIFIER=Intel64 Family 6 Model 69 Stepping 1, GenuineIntel



---------------  S Y S T E M  ---------------

OS: Windows 10.0 , 64 bit Build 15063 (10.0.15063.296)

CPU:total 4 (initial active 4) (2 cores per cpu, 2 threads per core) family 6 model 69 stepping 1, cmov, cx8, fxsr, mmx, sse, sse2, sse3, ssse3, sse4.1, sse4.2, popcnt, avx, avx2, aes, clmul, erms, lzcnt, ht, tsc, tscinvbit, bmi1, bmi2

Memory: 4k page, physical 12263140k(1773504k free), swap 20109836k(4260k free)

vm_info: Java HotSpot(TM) 64-Bit Server VM (25.131-b11) for windows-amd64 JRE (1.8.0_131-b11), built on Mar 15 2017 01:23:53 by "java_re" with MS VC++ 10.0 (VS2010)

time: Mon Feb 12 19:35:46 2018
elapsed time: 0 seconds (0d 0h 0m 0s)

